<?xml version="1.0" encoding="UTF-8"?>
<testng-results ignored="0" total="1" passed="1" failed="0" skipped="0">
  <reporter-output>
  </reporter-output>
  <suite started-at="2025-01-21T17:24:19 EET" name="Default suite" finished-at="2025-01-21T17:24:36 EET" duration-ms="17278">
    <groups>
    </groups>
    <test started-at="2025-01-21T17:24:19 EET" name="Default test" finished-at="2025-01-21T17:24:36 EET" duration-ms="17278">
      <class name="Tests.Remittances_TheEndDayReportofExportedRemittancesDisplayTheCorrectDataTest">
        <test-method is-config="true" signature="startDriver()[pri:0, instance:Tests.Remittances_TheEndDayReportofExportedRemittancesDisplayTheCorrectDataTest@1921ad94]" started-at="2025-01-21T17:24:19 EET" name="startDriver" finished-at="2025-01-21T17:24:23 EET" duration-ms="3782" status="PASS">
          <reporter-output>
          </reporter-output>
        </test-method> <!-- startDriver -->
        <test-method signature="dataIsDisplayedCorrectlyInTheEndDayReportofExportedRemittances()[pri:0, instance:Tests.Remittances_TheEndDayReportofExportedRemittancesDisplayTheCorrectDataTest@1921ad94]" started-at="2025-01-21T17:24:23 EET" name="dataIsDisplayedCorrectlyInTheEndDayReportofExportedRemittances" finished-at="2025-01-21T17:24:36 EET" duration-ms="12982" status="PASS">
          <reporter-output>
          </reporter-output>
        </test-method> <!-- dataIsDisplayedCorrectlyInTheEndDayReportofExportedRemittances -->
        <test-method is-config="true" signature="stopDriver()[pri:0, instance:Tests.Remittances_TheEndDayReportofExportedRemittancesDisplayTheCorrectDataTest@1921ad94]" started-at="2025-01-21T17:24:36 EET" name="stopDriver" finished-at="2025-01-21T17:24:36 EET" duration-ms="350" status="PASS">
          <reporter-output>
          </reporter-output>
        </test-method> <!-- stopDriver -->
      </class> <!-- Tests.Remittances_TheEndDayReportofExportedRemittancesDisplayTheCorrectDataTest -->
    </test> <!-- Default test -->
  </suite> <!-- Default suite -->
</testng-results>
